INFO:root:Unpaired _adj type adjective: 'hnk_adj'
INFO:root:Unpaired _adj type adjective: 'seleptainoi_adj'
INFO:root:Unpaired _adj type adjective: 'chomario_adj'
INFO:root:Unpaired tag/name: 'selepitanoi'
INFO:root:Unpaired tag/name: 'chomaroi'
INFO:root:Unpaired tag/name: 'roman_empire_name'
INFO:root:Unpaired tag/name: 'western_roman_republic_name'
INFO:root:Unpaired tag/name: 'western_roman_empire_name'
INFO:root:Unpaired tag/name: 'western_roman_kingdom_name'
INFO:root:Unpaired tag/name: 'western_rome_name'
INFO:root:Unpaired tag/name: 'eastern_roman_republic_name'
INFO:root:Unpaired tag/name: 'eastern_roman_empire_name'
INFO:root:Unpaired tag/name: 'eastern_roman_kingdom_name'
INFO:root:Unpaired tag/name: 'eastern_rome_name'
INFO:root:Unpaired tag/name: 'eastern_roman_dictatorship_name'
INFO:root:Unpaired tag/name: 'western_roman_dictatorship_name'
INFO:root:Unpaired tag/name: 'roman_kingdom_name'
INFO:root:Unpaired tag/name: 'syr_tyranny'
INFO:root:Unpaired tag/name: 'euboea_name'
INFO:root:Unpaired tag/name: 'tuscia_name'
INFO:root:Unpaired tag/name: 'league_of_korinthos'
bleep line 22
WARNING:root:Last two log files contain different results. Selected localization file may contain unhandled formatting.
