INFO:root:Unpaired _adj type adjective: 'hnk_adj'
INFO:root:Unpaired _adj type adjective: 'seleptainoi_adj'
INFO:root:Unpaired _adj type adjective: 'chomario_adj'
INFO:root:Unpaired _adjective type adjective: 'crete_adjective'
INFO:root:Unpaired _adj type adjective: '1kr_adj'
INFO:root:Unpaired _adj type adjective: 'num_adj'
INFO:root:Unpaired _adj type adjective: 'mgg_adj'
INFO:root:Unpaired _adj type adjective: 'atu_adj'
INFO:root:Unpaired _adj type adjective: 'lst_adj'
INFO:root:Unpaired _adj type adjective: 'vtt_adj'
INFO:root:Unpaired _adj type adjective: 'cpt_adj'
INFO:root:Unpaired _adj type adjective: 'cbr_adj'
INFO:root:Unpaired _adj type adjective: 'cnn_adj'
INFO:root:Unpaired _adj type adjective: 'hbr_adj'
INFO:root:Unpaired _adj type adjective: 'hvl_adj'
INFO:root:Unpaired _adj type adjective: 'nrm_adj'
INFO:root:Unpaired _adj type adjective: 'asx_adj'
INFO:root:Unpaired _adj type adjective: 'cyp_adj'
INFO:root:Unpaired _adj type adjective: 'aio_adj'
INFO:root:Unpaired _adj type adjective: 'bra_adj'
INFO:root:Unpaired _adj type adjective: 'ccc_adj'
INFO:root:Unpaired _adj type adjective: 'bgg_adj'
INFO:root:Unpaired _adj type adjective: 'aqi_adj'
INFO:root:Unpaired _adj type adjective: 'gau_adj'
INFO:root:Unpaired _adj type adjective: 'per_adj'
INFO:root:Unpaired _adj type adjective: 'ark_adj'
INFO:root:Unpaired _adj type adjective: 'ach_adj'
INFO:root:Unpaired _adj type adjective: 'ill_adj'
INFO:root:Unpaired _adj type adjective: 'dac_adj'
INFO:root:Unpaired _adj type adjective: 'ymn_adj'
INFO:root:Unpaired _adj type adjective: 'ax2_adj'
INFO:root:Unpaired _adj type adjective: 'sya_adj'
INFO:root:Unpaired _adj type adjective: 'ppn_adj'
INFO:root:Unpaired _adj type adjective: 'cci_adj'
INFO:root:Unpaired _adj type adjective: 'sii_adj'
INFO:root:Unpaired _adj type adjective: 'bby_adj'
INFO:root:Unpaired _adj type adjective: 'mee_adj'
INFO:root:Unpaired _adj type adjective: 'yzi_adj'
INFO:root:Unpaired _adj type adjective: 'khn_adj'
INFO:root:Unpaired _adj type adjective: 'xxs_adj'
INFO:root:Unpaired _adj type adjective: 'sbn_adj'
INFO:root:Unpaired _adj type adjective: 'hib_adj'
INFO:root:Unpaired _adj type adjective: 'dla_adj'
INFO:root:Unpaired _adj type adjective: 'ago_adj'
INFO:root:Unpaired _adj type adjective: 'aua_adj'
INFO:root:Unpaired _adj type adjective: 'sar_adj'
INFO:root:Unpaired tag/name: 'selepitanoi'
INFO:root:Unpaired tag/name: 'chomaroi'
INFO:root:Unpaired tag/name: 'roman_empire_name'
INFO:root:Unpaired tag/name: 'western_roman_republic_name'
INFO:root:Unpaired tag/name: 'western_roman_empire_name'
INFO:root:Unpaired tag/name: 'western_roman_kingdom_name'
INFO:root:Unpaired tag/name: 'western_rome_name'
INFO:root:Unpaired tag/name: 'eastern_roman_republic_name'
INFO:root:Unpaired tag/name: 'eastern_roman_empire_name'
INFO:root:Unpaired tag/name: 'eastern_roman_kingdom_name'
INFO:root:Unpaired tag/name: 'eastern_rome_name'
INFO:root:Unpaired tag/name: 'eastern_roman_dictatorship_name'
INFO:root:Unpaired tag/name: 'western_roman_dictatorship_name'
INFO:root:Unpaired tag/name: 'roman_kingdom_name'
INFO:root:Unpaired tag/name: 'syr_tyranny'
INFO:root:Unpaired tag/name: 'euboea_name'
INFO:root:Unpaired tag/name: 'tuscia_name'
INFO:root:Unpaired tag/name: 'league_of_korinthos'
INFO:root:Unpaired tag/name: 'achaemenid_name'
INFO:root:Unpaired tag/name: 'sidon_name'
WARNING:root:Last two log files contain different results. Selected localization file may contain unhandled formatting.
